-------------------------------------------------------------------------------
Test set: tasks.model.TasksOperationsTest
-------------------------------------------------------------------------------
Tests run: 6, Failures: 0, Errors: 6, Skipped: 0, Time elapsed: 0.001 s <<< FAILURE! - in tasks.model.TasksOperationsTest
filterTasksWB1  Time elapsed: 0 s  <<< ERROR!
java.lang.reflect.InaccessibleObjectException: Unable to make tasks.model.TasksOperationsTest() accessible: module tasks does not "opens tasks.model" to unnamed module @505fc5a4

filterTasksWB2  Time elapsed: 0 s  <<< ERROR!
java.lang.reflect.InaccessibleObjectException: Unable to make tasks.model.TasksOperationsTest() accessible: module tasks does not "opens tasks.model" to unnamed module @505fc5a4

filterTasksWB3  Time elapsed: 0 s  <<< ERROR!
java.lang.reflect.InaccessibleObjectException: Unable to make tasks.model.TasksOperationsTest() accessible: module tasks does not "opens tasks.model" to unnamed module @505fc5a4

filterTasksWB4  Time elapsed: 0 s  <<< ERROR!
java.lang.reflect.InaccessibleObjectException: Unable to make tasks.model.TasksOperationsTest() accessible: module tasks does not "opens tasks.model" to unnamed module @505fc5a4

filterTasksWB5  Time elapsed: 0 s  <<< ERROR!
java.lang.reflect.InaccessibleObjectException: Unable to make tasks.model.TasksOperationsTest() accessible: module tasks does not "opens tasks.model" to unnamed module @505fc5a4

filterTasksWB6  Time elapsed: 0 s  <<< ERROR!
java.lang.reflect.InaccessibleObjectException: Unable to make tasks.model.TasksOperationsTest() accessible: module tasks does not "opens tasks.model" to unnamed module @505fc5a4

