<?xml version="1.0" encoding="UTF-8"?>
<testsuite xmlns:xsi="http://www.w3.org/2001/XMLSchema-instance" xsi:noNamespaceSchemaLocation="https://maven.apache.org/surefire/maven-surefire-plugin/xsd/surefire-test-report.xsd" name="tasks.model.TasksOperationsTest" time="0.001" tests="6" errors="6" skipped="0" failures="0">
  <properties>
[...]
</properties>
  <testcase name="filterTasksWB1" classname="tasks.model.TasksOperationsTest" time="0">
    <error message="Unable to make tasks.model.TasksOperationsTest() accessible: module tasks does not &quot;opens tasks.model&quot; to unnamed module @505fc5a4" type="java.lang.reflect.InaccessibleObjectException">java.lang.reflect.InaccessibleObjectException: Unable to make tasks.model.TasksOperationsTest() accessible: module tasks does not "opens tasks.model" to unnamed module @505fc5a4
</error>
  </testcase>
  <testcase name="filterTasksWB2" classname="tasks.model.TasksOperationsTest" time="0">
    <error message="Unable to make tasks.model.TasksOperationsTest() accessible: module tasks does not &quot;opens tasks.model&quot; to unnamed module @505fc5a4" type="java.lang.reflect.InaccessibleObjectException">java.lang.reflect.InaccessibleObjectException: Unable to make tasks.model.TasksOperationsTest() accessible: module tasks does not "opens tasks.model" to unnamed module @505fc5a4
</error>
  </testcase>
  <testcase name="filterTasksWB3" classname="tasks.model.TasksOperationsTest" time="0">
    <error message="Unable to make tasks.model.TasksOperationsTest() accessible: module tasks does not &quot;opens tasks.model&quot; to unnamed module @505fc5a4" type="java.lang.reflect.InaccessibleObjectException">java.lang.reflect.InaccessibleObjectException: Unable to make tasks.model.TasksOperationsTest() accessible: module tasks does not "opens tasks.model" to unnamed module @505fc5a4
</error>
  </testcase>
  <testcase name="filterTasksWB4" classname="tasks.model.TasksOperationsTest" time="0">
    <error message="Unable to make tasks.model.TasksOperationsTest() accessible: module tasks does not &quot;opens tasks.model&quot; to unnamed module @505fc5a4" type="java.lang.reflect.InaccessibleObjectException">java.lang.reflect.InaccessibleObjectException: Unable to make tasks.model.TasksOperationsTest() accessible: module tasks does not "opens tasks.model" to unnamed module @505fc5a4
</error>
  </testcase>
  <testcase name="filterTasksWB5" classname="tasks.model.TasksOperationsTest" time="0">
    <error message="Unable to make tasks.model.TasksOperationsTest() accessible: module tasks does not &quot;opens tasks.model&quot; to unnamed module @505fc5a4" type="java.lang.reflect.InaccessibleObjectException">java.lang.reflect.InaccessibleObjectException: Unable to make tasks.model.TasksOperationsTest() accessible: module tasks does not "opens tasks.model" to unnamed module @505fc5a4
</error>
  </testcase>
  <testcase name="filterTasksWB6" classname="tasks.model.TasksOperationsTest" time="0">
    <error message="Unable to make tasks.model.TasksOperationsTest() accessible: module tasks does not &quot;opens tasks.model&quot; to unnamed module @505fc5a4" type="java.lang.reflect.InaccessibleObjectException">java.lang.reflect.InaccessibleObjectException: Unable to make tasks.model.TasksOperationsTest() accessible: module tasks does not "opens tasks.model" to unnamed module @505fc5a4
</error>
  </testcase>
</testsuite>